{'fatalError': False,
 'maxTotalPoints': 8,
 'messages': [],
 'mode': 'auto',
 'parts': [{'description': '',
            'extraCredit': False,
            'maxPoints': 1,
            'maxSeconds': 1,
            'messages': ["File 'writeup.pdf' does not exist"],
            'name': 'writeupValid',
            'points': 0,
            'seconds': 0},
           {'description': '',
            'extraCredit': False,
            'maxPoints': 1,
            'maxSeconds': 1,
            'messages': [],
            'name': '3a-0',
            'points': 1,
            'seconds': 0},
           {'description': '',
            'extraCredit': False,
            'maxPoints': 1,
            'maxSeconds': 1,
            'messages': [],
            'name': '3c-0',
            'points': 1,
            'seconds': 0},
           {'description': '',
            'extraCredit': False,
            'maxPoints': 1,
            'maxSeconds': 1,
            'messages': ["Exception thrown: <type 'exceptions.Exception'> -- Not implemented yet",
                         '  File "grader.py", line 31, in test\n    grader.requireIsEqual(sorted([\'a a a a a\']), sorted(submission.mutateSentences(\'a a a a a\')))\n',
                         '  File "/home/cleophus/Code/school/CS221/homework1/foundations/submission.py", line 47, in mutateSentences\n    raise Exception("Not implemented yet")\n'],
            'name': '3b-0',
            'points': 0,
            'seconds': 0},
           {'description': '',
            'extraCredit': False,
            'maxPoints': 1,
            'maxSeconds': 1,
            'messages': [],
            'name': '3d-0',
            'points': 1,
            'seconds': 0},
           {'description': '',
            'extraCredit': False,
            'maxPoints': 1,
            'maxSeconds': 1,
            'messages': ["Expected 'Counter({'a': 11, 'b': 4})', but got 'Counter({'a': 5})'"],
            'name': '3e-0',
            'points': 0,
            'seconds': 0},
           {'description': '',
            'extraCredit': False,
            'maxPoints': 1,
            'maxSeconds': 1,
            'messages': ["Exception thrown: <type 'exceptions.Exception'> -- Not implemented yet",
                         '  File "grader.py", line 57, in test3f\n    grader.requireIsEqual((set([\'the\', \'fox\']), 2), submission.computeMostFrequentWord(\'the quick brown fox jumps over the lazy fox\'))\n',
                         '  File "/home/cleophus/Code/school/CS221/homework1/foundations/submission.py", line 93, in computeMostFrequentWord\n    raise Exception("Not implemented yet")\n'],
            'name': '3f-0',
            'points': 0,
            'seconds': 0},
           {'description': '',
            'extraCredit': False,
            'maxPoints': 1,
            'maxSeconds': 1,
            'messages': ["Exception thrown: <type 'exceptions.Exception'> -- Not implemented yet",
                         '  File "grader.py", line 66, in test3g\n    grader.requireIsEqual(0, submission.computeLongestPalindrome(""))\n',
                         '  File "/home/cleophus/Code/school/CS221/homework1/foundations/submission.py", line 109, in computeLongestPalindrome\n    raise Exception("Not implemented yet")\n'],
            'name': '3g-0',
            'points': 0,
            'seconds': 0}],
 'totalPoints': 3}
